specinvoke r4356
 Invoked as: /GPUFS/nsccgz_yfdu_16/gta/cpu2017/bin/specinvoke -d /GPUFS/nsccgz_yfdu_16/gta/cpu2017/benchspec/CPU/505.mcf_r/run/run_base_train_gcc-aarch64-mao-gta-64.0001 -f compare.cmd -E -e compare.err -o compare.stdout
timer ticks over every 1000 ns
 Environment in effect for these runs:
 # 1: HISTSIZE=1000
 # 2: OLD_PWD=/GPUFS/nsccgz_yfdu_16/gta/mao-spec-sbatch
 # 3: SLURM_PRIO_PROCESS=0
 # 4: TMPDIR=/tmp
 # 5: SLURM_NODEID=0
 # 6: HOSTNAME=apn507
 # 7: QTDIR=/usr/lib64/qt-3.3
 # 8: LANG=zh_CN.UTF-8
 # 9: BASH_FUNC_module()=() {  eval `/usr/bin/modulecmd bash $*`
}
 #10: SLURM_JOB_NUM_NODES=1
 #11: LD_LIBRARY_PATH=/usr/local/lib64/:/usr/local/lib/:/lib64
 #12: LESSOPEN=||/usr/bin/lesspipe.sh %s
 #13: SLURM_TOPOLOGY_ADDR=apn507
 #14: SLURM_LOCALID=0
 #15: MAIL=/var/spool/mail/nsccgz_yfdu_16
 #16: SLURM_NNODES=1
 #17: LOADEDMODULES=
 #18: PATH=/GPUFS/nsccgz_yfdu_16/gta/cpu2017/bin:/usr/lib64/qt-3.3/bin:/usr/local/bin:/usr/bin:/usr/local/sbin:/usr/sbin:/opt/ibutils/bin
 #19: SLURM_NODELIST=apn507
 #20: HISTCONTROL=ignoredups
 #21: LAST_CMD= 1008  [2021-01-09 10:07:57] [172.17.68.85] vim mao-spec.sh 
 #22: OMPI_ALLOW_RUN_AS_ROOT_CONFIRM=1
 #23: LIBC_FATAL_STDERR_=1
 #24: SLURM_SUBMIT_HOST=aln220
 #25: SLURM_WORKING_CLUSTER=tianhe2-t:aln220:6817:8704:102
 #26: QT_GRAPHICSSYSTEM_CHECKED=1
 #27: XDG_SESSION_ID=118527
 #28: SLURM_TASKS_PER_NODE=128
 #29: PROMPT_COMMAND=
if [ -z "$OLD_PWD" ];then 
    export OLD_PWD=$PWD; 
fi; 
if [ ! -z "$LAST_CMD" ] && [ "$(history 1)" != "$LAST_CMD" ]; then 
    logger -t `whoami`_shell_cmd "[$OLD_PWD]$(history 1)"; 
fi; 
export LAST_CMD="$(history 1)"; 
export OLD_PWD=$PWD;
 #30: CLICOLOR=1
 #31: OMPI_ALLOW_RUN_AS_ROOT=1
 #32: SLURM_JOB_QOS=normal
 #33: SSH_TTY=/dev/pts/1
 #34: SLURM_SUBMIT_DIR=/GPUFS/nsccgz_yfdu_16/gta/mao-spec-sbatch
 #35: SSH_CLIENT=172.17.68.85 57908 22
 #36: SLURM_CLUSTER_NAME=tianhe2-t
 #37: XDG_DATA_DIRS=/GPUFS/nsccgz_yfdu_16/.local/share/flatpak/exports/share:/var/lib/flatpak/exports/share:/usr/local/share:/usr/share
 #38: SHELL=/bin/bash
 #39: SPEC=/GPUFS/nsccgz_yfdu_16/gta/cpu2017
 #40: SLURM_JOB_CPUS_PER_NODE=128
 #41: SLURM_TOPOLOGY_ADDR_PATTERN=node
 #42: SLURM_JOB_UID=7778
 #43: LSCOLORS=gxfxcxdxbxegedabagacad
 #44: HOME=/GPUFS/nsccgz_yfdu_16
 #45: SLURM_JOB_NODELIST=apn507
 #46: SLURM_JOB_GID=7037
 #47: XDG_RUNTIME_DIR=/run/user/7778
 #48: SLURM_JOB_ACCOUNT=tianhe2t_test
 #49: QTLIB=/usr/lib64/qt-3.3/lib
 #50: QTINC=/usr/lib64/qt-3.3/include
 #51: HISTTIMEFORMAT=[%Y-%m-%d %H:%M:%S] [172.17.68.85] 
 #52: SLURM_JOB_ID=4381
 #53: SLURM_JOB_PARTITION=arm
 #54: LOGNAME=nsccgz_yfdu_16
 #55: ENVIRONMENT=BATCH
 #56: MODULESHOME=/usr/share/Modules
 #57: SLURM_JOB_NAME=gta
 #58: TERM=xterm-256color
 #59: PWD=/GPUFS/nsccgz_yfdu_16/gta/mao-spec-sbatch
 #60: LS_COLORS=rs=0:di=38;5;27:ln=38;5;51:mh=44;38;5;15:pi=40;38;5;11:so=38;5;13:do=38;5;5:bd=48;5;232;38;5;11:cd=48;5;232;38;5;3:or=48;5;232;38;5;9:mi=05;48;5;232;38;5;15:su=48;5;196;38;5;15:sg=48;5;11;38;5;16:ca=48;5;196;38;5;226:tw=48;5;10;38;5;16:ow=48;5;10;38;5;21:st=48;5;21;38;5;15:ex=38;5;34:*.tar=38;5;9:*.tgz=38;5;9:*.arc=38;5;9:*.arj=38;5;9:*.taz=38;5;9:*.lha=38;5;9:*.lz4=38;5;9:*.lzh=38;5;9:*.lzma=38;5;9:*.tlz=38;5;9:*.txz=38;5;9:*.tzo=38;5;9:*.t7z=38;5;9:*.zip=38;5;9:*.z=38;5;9:*.Z=38;5;9:*.dz=38;5;9:*.gz=38;5;9:*.lrz=38;5;9:*.lz=38;5;9:*.lzo=38;5;9:*.xz=38;5;9:*.bz2=38;5;9:*.bz=38;5;9:*.tbz=38;5;9:*.tbz2=38;5;9:*.tz=38;5;9:*.deb=38;5;9:*.rpm=38;5;9:*.jar=38;5;9:*.war=38;5;9:*.ear=38;5;9:*.sar=38;5;9:*.rar=38;5;9:*.alz=38;5;9:*.ace=38;5;9:*.zoo=38;5;9:*.cpio=38;5;9:*.7z=38;5;9:*.rz=38;5;9:*.cab=38;5;9:*.jpg=38;5;13:*.jpeg=38;5;13:*.gif=38;5;13:*.bmp=38;5;13:*.pbm=38;5;13:*.pgm=38;5;13:*.ppm=38;5;13:*.tga=38;5;13:*.xbm=38;5;13:*.xpm=38;5;13:*.tif=38;5;13:*.tiff=38;5;13:*.png=38;5;13:*.svg=38;5;13:*.svgz=38;5;13:*.mng=38;5;13:*.pcx=38;5;13:*.mov=38;5;13:*.mpg=38;5;13:*.mpeg=38;5;13:*.m2v=38;5;13:*.mkv=38;5;13:*.webm=38;5;13:*.ogm=38;5;13:*.mp4=38;5;13:*.m4v=38;5;13:*.mp4v=38;5;13:*.vob=38;5;13:*.qt=38;5;13:*.nuv=38;5;13:*.wmv=38;5;13:*.asf=38;5;13:*.rm=38;5;13:*.rmvb=38;5;13:*.flc=38;5;13:*.avi=38;5;13:*.fli=38;5;13:*.flv=38;5;13:*.gl=38;5;13:*.dl=38;5;13:*.xcf=38;5;13:*.xwd=38;5;13:*.yuv=38;5;13:*.cgm=38;5;13:*.emf=38;5;13:*.axv=38;5;13:*.anx=38;5;13:*.ogv=38;5;13:*.ogx=38;5;13:*.aac=38;5;45:*.au=38;5;45:*.flac=38;5;45:*.mid=38;5;45:*.midi=38;5;45:*.mka=38;5;45:*.mp3=38;5;45:*.mpc=38;5;45:*.ogg=38;5;45:*.ra=38;5;45:*.wav=38;5;45:*.axa=38;5;45:*.oga=38;5;45:*.spx=38;5;45:*.xspf=38;5;45:
 #61: SHLVL=2
 #62: SPECDB_PWD=/GPUFS/nsccgz_yfdu_16/gta/mao-spec-sbatch
 #63: SLURM_GTIDS=0
 #64: SLURM_TASK_PID=110467
 #65: MODULEPATH=/usr/share/Modules/modulefiles:/etc/modulefiles:/GPUFS/nsccgz_yfdu_16/fgn/sriov-test/modulefiles:/GPUFS/nsccgz_yfdu_16/fgn/modules
 #66: SLURM_CPUS_ON_NODE=128
 #67: SLURM_PROCID=0
 #68: SLURM_JOBID=4381
 #69: SLURM_JOB_USER=nsccgz_yfdu_16
 #70: USER=nsccgz_yfdu_16
 #71: SLURM_NODE_ALIASES=(null)
 #72: SSH_CONNECTION=172.17.68.85 57908 172.16.20.220 22
 #73: OMP_NUM_THREADS=1
 #74: SLURMD_NODENAME=apn507
 #75: OMP_THREAD_LIMIT=1
running commands in compare.cmd 1 times
runs started at		1610159531, 322763000, Sat Jan  9 10:32:11 2021
run 1 started at	1610159531, 322815000, Sat Jan  9 10:32:11 2021
child started: 0,	1610159531, 322826000, pid=122701, '/GPUFS/nsccgz_yfdu_16/gta/cpu2017/bin/specperl /GPUFS/nsccgz_yfdu_16/gta/cpu2017/bin/harness/specdiff -m -l 10 /GPUFS/nsccgz_yfdu_16/gta/cpu2017/benchspec/CPU/505.mcf_r/data/train/output/inp.out inp.out > inp.out.cmp'
child finished: 0,	1610159531, 537439000, sec=0, nsec=214613000, pid=122701, rc=0
child started: 0,	1610159531, 537456000, pid=122703, '/GPUFS/nsccgz_yfdu_16/gta/cpu2017/bin/specperl /GPUFS/nsccgz_yfdu_16/gta/cpu2017/bin/harness/specdiff -m -l 10 /GPUFS/nsccgz_yfdu_16/gta/cpu2017/benchspec/CPU/505.mcf_r/data/train/output/mcf.out mcf.out > mcf.out.cmp'
child finished: 0,	1610159531, 740829000, sec=0, nsec=203373000, pid=122703, rc=0
run 1 finished at:	1610159531, 740841000, Sat Jan  9 10:32:11 2021
run 1 elapsed time:	         0, 418026000, 0.418026000
runs finished at	1610159531, 740867000, Sat Jan  9 10:32:11 2021
runs elapsed time:	         0, 418104000, 0.418104000
specinvoke exit: rc=0
