specinvoke r4356
 Invoked as: /GPUFS/nsccgz_yfdu_16/gta/cpu2017/bin/specinvoke -d /GPUFS/nsccgz_yfdu_16/gta/cpu2017/benchspec/CPU/505.mcf_r/run/run_base_train_gcc-aarch64-withoutmao-gta-64.0001 -f speccmds.cmd -q -e speccmds.err -o speccmds.stdout
timer ticks over every 1000 ns
 Environment in effect for these runs:
 # 1: HISTCONTROL=ignoredups
 # 2: SLURM_NODE_ALIASES=(null)
 # 3: SLURM_CPUS_ON_NODE=128
 # 4: XDG_RUNTIME_DIR=/run/user/7778
 # 5: LOADEDMODULES=
 # 6: OLD_PWD=/GPUFS/nsccgz_yfdu_16/gta/mao-spec-sbatch
 # 7: TERM=xterm-256color
 # 8: HOME=/GPUFS/nsccgz_yfdu_16
 # 9: QTINC=/usr/lib64/qt-3.3/include
 #10: SLURM_NODELIST=apn508
 #11: SSH_TTY=/dev/pts/1
 #12: PWD=/GPUFS/nsccgz_yfdu_16/gta/mao-spec-sbatch
 #13: CLICOLOR=1
 #14: SHELL=/bin/bash
 #15: HISTTIMEFORMAT=[%Y-%m-%d %H:%M:%S] [172.17.68.85] 
 #16: HOSTNAME=apn508
 #17: SLURM_JOB_NAME=gta
 #18: SPECDB_PWD=/GPUFS/nsccgz_yfdu_16/gta/mao-spec-sbatch
 #19: LSCOLORS=gxfxcxdxbxegedabagacad
 #20: LIBC_FATAL_STDERR_=1
 #21: LS_COLORS=rs=0:di=38;5;27:ln=38;5;51:mh=44;38;5;15:pi=40;38;5;11:so=38;5;13:do=38;5;5:bd=48;5;232;38;5;11:cd=48;5;232;38;5;3:or=48;5;232;38;5;9:mi=05;48;5;232;38;5;15:su=48;5;196;38;5;15:sg=48;5;11;38;5;16:ca=48;5;196;38;5;226:tw=48;5;10;38;5;16:ow=48;5;10;38;5;21:st=48;5;21;38;5;15:ex=38;5;34:*.tar=38;5;9:*.tgz=38;5;9:*.arc=38;5;9:*.arj=38;5;9:*.taz=38;5;9:*.lha=38;5;9:*.lz4=38;5;9:*.lzh=38;5;9:*.lzma=38;5;9:*.tlz=38;5;9:*.txz=38;5;9:*.tzo=38;5;9:*.t7z=38;5;9:*.zip=38;5;9:*.z=38;5;9:*.Z=38;5;9:*.dz=38;5;9:*.gz=38;5;9:*.lrz=38;5;9:*.lz=38;5;9:*.lzo=38;5;9:*.xz=38;5;9:*.bz2=38;5;9:*.bz=38;5;9:*.tbz=38;5;9:*.tbz2=38;5;9:*.tz=38;5;9:*.deb=38;5;9:*.rpm=38;5;9:*.jar=38;5;9:*.war=38;5;9:*.ear=38;5;9:*.sar=38;5;9:*.rar=38;5;9:*.alz=38;5;9:*.ace=38;5;9:*.zoo=38;5;9:*.cpio=38;5;9:*.7z=38;5;9:*.rz=38;5;9:*.cab=38;5;9:*.jpg=38;5;13:*.jpeg=38;5;13:*.gif=38;5;13:*.bmp=38;5;13:*.pbm=38;5;13:*.pgm=38;5;13:*.ppm=38;5;13:*.tga=38;5;13:*.xbm=38;5;13:*.xpm=38;5;13:*.tif=38;5;13:*.tiff=38;5;13:*.png=38;5;13:*.svg=38;5;13:*.svgz=38;5;13:*.mng=38;5;13:*.pcx=38;5;13:*.mov=38;5;13:*.mpg=38;5;13:*.mpeg=38;5;13:*.m2v=38;5;13:*.mkv=38;5;13:*.webm=38;5;13:*.ogm=38;5;13:*.mp4=38;5;13:*.m4v=38;5;13:*.mp4v=38;5;13:*.vob=38;5;13:*.qt=38;5;13:*.nuv=38;5;13:*.wmv=38;5;13:*.asf=38;5;13:*.rm=38;5;13:*.rmvb=38;5;13:*.flc=38;5;13:*.avi=38;5;13:*.fli=38;5;13:*.flv=38;5;13:*.gl=38;5;13:*.dl=38;5;13:*.xcf=38;5;13:*.xwd=38;5;13:*.yuv=38;5;13:*.cgm=38;5;13:*.emf=38;5;13:*.axv=38;5;13:*.anx=38;5;13:*.ogv=38;5;13:*.ogx=38;5;13:*.aac=38;5;45:*.au=38;5;45:*.flac=38;5;45:*.mid=38;5;45:*.midi=38;5;45:*.mka=38;5;45:*.mp3=38;5;45:*.mpc=38;5;45:*.ogg=38;5;45:*.ra=38;5;45:*.wav=38;5;45:*.axa=38;5;45:*.oga=38;5;45:*.spx=38;5;45:*.xspf=38;5;45:
 #22: MODULESHOME=/usr/share/Modules
 #23: SLURM_JOBID=4384
 #24: OMP_NUM_THREADS=1
 #25: OMPI_ALLOW_RUN_AS_ROOT=1
 #26: XDG_DATA_DIRS=/GPUFS/nsccgz_yfdu_16/.local/share/flatpak/exports/share:/var/lib/flatpak/exports/share:/usr/local/share:/usr/share
 #27: QT_GRAPHICSSYSTEM_CHECKED=1
 #28: LANG=en_US.UTF-8
 #29: SLURM_JOB_ID=4384
 #30: SLURM_JOB_ACCOUNT=tianhe2t_test
 #31: SSH_CLIENT=172.17.68.85 62758 22
 #32: SLURM_GTIDS=0
 #33: SLURM_TOPOLOGY_ADDR=apn508
 #34: LAST_CMD= 1019  [2021-01-09 11:00:27] [172.17.68.85] sbatch mao-spec.sh 
 #35: LESSOPEN=||/usr/bin/lesspipe.sh %s
 #36: SLURM_WORKING_CLUSTER=tianhe2-t:aln220:6817:8704:102
 #37: USER=nsccgz_yfdu_16
 #38: SLURM_PROCID=0
 #39: SLURM_PRIO_PROCESS=0
 #40: TMPDIR=/tmp
 #41: LD_LIBRARY_PATH=/usr/local/lib64/:/usr/local/lib/:/lib64
 #42: SLURM_CLUSTER_NAME=tianhe2-t
 #43: SLURM_SUBMIT_HOST=aln220
 #44: MAIL=/var/spool/mail/nsccgz_yfdu_16
 #45: SHLVL=2
 #46: SLURM_JOB_GID=7037
 #47: LANGUAGE=en_US
 #48: SLURM_TASK_PID=68849
 #49: SLURM_JOB_NUM_NODES=1
 #50: SPEC=/GPUFS/nsccgz_yfdu_16/gta/cpu2017
 #51: SLURM_LOCALID=0
 #52: SLURMD_NODENAME=apn508
 #53: SLURM_SUBMIT_DIR=/GPUFS/nsccgz_yfdu_16/gta/mao-spec-sbatch
 #54: SSH_CONNECTION=172.17.68.85 62758 172.16.20.220 22
 #55: SLURM_NODEID=0
 #56: QTLIB=/usr/lib64/qt-3.3/lib
 #57: SLURM_JOB_UID=7778
 #58: QTDIR=/usr/lib64/qt-3.3
 #59: SLURM_JOB_CPUS_PER_NODE=128
 #60: HISTSIZE=1000
 #61: PATH=/GPUFS/nsccgz_yfdu_16/gta/cpu2017/bin:/usr/lib64/qt-3.3/bin:/usr/local/bin:/usr/bin:/usr/local/sbin:/usr/sbin:/opt/ibutils/bin
 #62: SLURM_TASKS_PER_NODE=128
 #63: LOGNAME=nsccgz_yfdu_16
 #64: PROMPT_COMMAND=
if [ -z "$OLD_PWD" ];then 
    export OLD_PWD=$PWD; 
fi; 
if [ ! -z "$LAST_CMD" ] && [ "$(history 1)" != "$LAST_CMD" ]; then 
    logger -t `whoami`_shell_cmd "[$OLD_PWD]$(history 1)"; 
fi; 
export LAST_CMD="$(history 1)"; 
export OLD_PWD=$PWD;
 #65: SLURM_TOPOLOGY_ADDR_PATTERN=node
 #66: ENVIRONMENT=BATCH
 #67: XDG_SESSION_ID=118562
 #68: SLURM_NNODES=1
 #69: BASH_FUNC_module()=() {  eval `/usr/bin/modulecmd bash $*`
}
 #70: SLURM_JOB_QOS=normal
 #71: SLURM_JOB_PARTITION=arm
 #72: OMPI_ALLOW_RUN_AS_ROOT_CONFIRM=1
 #73: SLURM_JOB_NODELIST=apn508
 #74: MODULEPATH=/usr/share/Modules/modulefiles:/etc/modulefiles:/GPUFS/nsccgz_yfdu_16/fgn/sriov-test/modulefiles:/GPUFS/nsccgz_yfdu_16/fgn/modules
 #75: SLURM_JOB_USER=nsccgz_yfdu_16
 #76: OMP_THREAD_LIMIT=1
running commands in speccmds.cmd 1 times
runs started at		1610162502, 427982000, Sat Jan  9 11:21:42 2021
run 1 started at	1610162502, 428032000, Sat Jan  9 11:21:42 2021
child started: 0,	1610162502, 428042000, pid=83975, '../run_base_train_gcc-aarch64-withoutmao-gta-64.0001/mcf_r_base.gcc-aarch64-withoutmao-gta-64 inp.in  > inp.out 2>> inp.err'
child finished: 0,	1610162635, 547475000, sec=133, nsec=119433000, pid=83975, rc=0
run 1 finished at:	1610162635, 547535000, Sat Jan  9 11:23:55 2021
run 1 elapsed time:	       133, 119503000, 133.119503000
runs finished at	1610162635, 547568000, Sat Jan  9 11:23:55 2021
runs elapsed time:	       133, 119586000, 133.119586000
specinvoke exit: rc=0
