specinvoke r4356
 Invoked as: /GPUFS/nsccgz_yfdu_16/gta/cpu2017/bin/specinvoke -d /GPUFS/nsccgz_yfdu_16/gta/cpu2017/benchspec/CPU/505.mcf_r/run/run_base_train_gcc-aarch64-mao-gta-64.0002 -f speccmds.cmd -q -e speccmds.err -o speccmds.stdout
timer ticks over every 1000 ns
 Environment in effect for these runs:
 # 1: SLURM_SUBMIT_HOST=aln220
 # 2: HISTCONTROL=ignoredups
 # 3: MAIL=/var/spool/mail/nsccgz_yfdu_16
 # 4: SLURM_LOCALID=0
 # 5: SLURM_JOB_PARTITION=arm
 # 6: SHELL=/bin/bash
 # 7: OLD_PWD=/GPUFS/nsccgz_yfdu_16/gta/mao-spec-sbatch
 # 8: LANG=en_US.UTF-8
 # 9: LIBC_FATAL_STDERR_=1
 #10: LS_COLORS=rs=0:di=38;5;27:ln=38;5;51:mh=44;38;5;15:pi=40;38;5;11:so=38;5;13:do=38;5;5:bd=48;5;232;38;5;11:cd=48;5;232;38;5;3:or=48;5;232;38;5;9:mi=05;48;5;232;38;5;15:su=48;5;196;38;5;15:sg=48;5;11;38;5;16:ca=48;5;196;38;5;226:tw=48;5;10;38;5;16:ow=48;5;10;38;5;21:st=48;5;21;38;5;15:ex=38;5;34:*.tar=38;5;9:*.tgz=38;5;9:*.arc=38;5;9:*.arj=38;5;9:*.taz=38;5;9:*.lha=38;5;9:*.lz4=38;5;9:*.lzh=38;5;9:*.lzma=38;5;9:*.tlz=38;5;9:*.txz=38;5;9:*.tzo=38;5;9:*.t7z=38;5;9:*.zip=38;5;9:*.z=38;5;9:*.Z=38;5;9:*.dz=38;5;9:*.gz=38;5;9:*.lrz=38;5;9:*.lz=38;5;9:*.lzo=38;5;9:*.xz=38;5;9:*.bz2=38;5;9:*.bz=38;5;9:*.tbz=38;5;9:*.tbz2=38;5;9:*.tz=38;5;9:*.deb=38;5;9:*.rpm=38;5;9:*.jar=38;5;9:*.war=38;5;9:*.ear=38;5;9:*.sar=38;5;9:*.rar=38;5;9:*.alz=38;5;9:*.ace=38;5;9:*.zoo=38;5;9:*.cpio=38;5;9:*.7z=38;5;9:*.rz=38;5;9:*.cab=38;5;9:*.jpg=38;5;13:*.jpeg=38;5;13:*.gif=38;5;13:*.bmp=38;5;13:*.pbm=38;5;13:*.pgm=38;5;13:*.ppm=38;5;13:*.tga=38;5;13:*.xbm=38;5;13:*.xpm=38;5;13:*.tif=38;5;13:*.tiff=38;5;13:*.png=38;5;13:*.svg=38;5;13:*.svgz=38;5;13:*.mng=38;5;13:*.pcx=38;5;13:*.mov=38;5;13:*.mpg=38;5;13:*.mpeg=38;5;13:*.m2v=38;5;13:*.mkv=38;5;13:*.webm=38;5;13:*.ogm=38;5;13:*.mp4=38;5;13:*.m4v=38;5;13:*.mp4v=38;5;13:*.vob=38;5;13:*.qt=38;5;13:*.nuv=38;5;13:*.wmv=38;5;13:*.asf=38;5;13:*.rm=38;5;13:*.rmvb=38;5;13:*.flc=38;5;13:*.avi=38;5;13:*.fli=38;5;13:*.flv=38;5;13:*.gl=38;5;13:*.dl=38;5;13:*.xcf=38;5;13:*.xwd=38;5;13:*.yuv=38;5;13:*.cgm=38;5;13:*.emf=38;5;13:*.axv=38;5;13:*.anx=38;5;13:*.ogv=38;5;13:*.ogx=38;5;13:*.aac=38;5;45:*.au=38;5;45:*.flac=38;5;45:*.mid=38;5;45:*.midi=38;5;45:*.mka=38;5;45:*.mp3=38;5;45:*.mpc=38;5;45:*.ogg=38;5;45:*.ra=38;5;45:*.wav=38;5;45:*.axa=38;5;45:*.oga=38;5;45:*.spx=38;5;45:*.xspf=38;5;45:
 #11: SLURM_NODELIST=apn508
 #12: SLURM_TASK_PID=47948
 #13: SLURM_PROCID=0
 #14: OMPI_ALLOW_RUN_AS_ROOT_CONFIRM=1
 #15: LESSOPEN=||/usr/bin/lesspipe.sh %s
 #16: LOGNAME=nsccgz_yfdu_16
 #17: XDG_RUNTIME_DIR=/run/user/7778
 #18: TERM=xterm-256color
 #19: SLURM_TOPOLOGY_ADDR_PATTERN=node
 #20: SHLVL=2
 #21: USER=nsccgz_yfdu_16
 #22: SPECDB_PWD=/GPUFS/nsccgz_yfdu_16/gta/mao-spec-sbatch
 #23: HOME=/GPUFS/nsccgz_yfdu_16
 #24: LAST_CMD= 1000  [2021-01-10 16:16:12] [172.17.71.159] ll
 #25: SLURM_JOB_CPUS_PER_NODE=128
 #26: SLURM_JOB_GID=7037
 #27: HOSTNAME=apn508
 #28: SLURM_JOB_NODELIST=apn508
 #29: SLURM_WORKING_CLUSTER=tianhe2-t:aln220:6817:8704:102
 #30: MODULESHOME=/usr/share/Modules
 #31: LOADEDMODULES=
 #32: BASH_FUNC_module()=() {  eval `/usr/bin/modulecmd bash $*`
}
 #33: PATH=/GPUFS/nsccgz_yfdu_16/gta/cpu2017/bin:/usr/lib64/qt-3.3/bin:/usr/local/bin:/usr/bin:/usr/local/sbin:/usr/sbin:/opt/ibutils/bin
 #34: SLURM_NPROCS=128
 #35: XDG_DATA_DIRS=/GPUFS/nsccgz_yfdu_16/.local/share/flatpak/exports/share:/var/lib/flatpak/exports/share:/usr/local/share:/usr/share
 #36: SLURM_JOB_QOS=normal
 #37: SLURM_TOPOLOGY_ADDR=apn508
 #38: LSCOLORS=gxfxcxdxbxegedabagacad
 #39: SLURM_TASKS_PER_NODE=128
 #40: SLURM_CLUSTER_NAME=tianhe2-t
 #41: SLURM_NODE_ALIASES=(null)
 #42: PWD=/GPUFS/nsccgz_yfdu_16/gta/mao-spec-sbatch
 #43: SLURM_CPUS_ON_NODE=128
 #44: SPEC=/GPUFS/nsccgz_yfdu_16/gta/cpu2017
 #45: SSH_CLIENT=172.17.71.159 55994 22
 #46: XDG_SESSION_ID=120702
 #47: QT_GRAPHICSSYSTEM_CHECKED=1
 #48: HISTTIMEFORMAT=[%Y-%m-%d %H:%M:%S] [172.17.71.159] 
 #49: SLURM_JOB_NAME=gta
 #50: QTLIB=/usr/lib64/qt-3.3/lib
 #51: SLURM_JOB_NUM_NODES=1
 #52: SLURM_JOB_ACCOUNT=tianhe2t_test
 #53: SLURM_SUBMIT_DIR=/GPUFS/nsccgz_yfdu_16/gta/mao-spec-sbatch
 #54: MODULEPATH=/usr/share/Modules/modulefiles:/etc/modulefiles:/GPUFS/nsccgz_yfdu_16/fgn/sriov-test/modulefiles:/GPUFS/nsccgz_yfdu_16/fgn/modules
 #55: LANGUAGE=en_US
 #56: SSH_TTY=/dev/pts/5
 #57: PROMPT_COMMAND=
if [ -z "$OLD_PWD" ];then 
    export OLD_PWD=$PWD; 
fi; 
if [ ! -z "$LAST_CMD" ] && [ "$(history 1)" != "$LAST_CMD" ]; then 
    logger -t `whoami`_shell_cmd "[$OLD_PWD]$(history 1)"; 
fi; 
export LAST_CMD="$(history 1)"; 
export OLD_PWD=$PWD;
 #58: LD_LIBRARY_PATH=/usr/local/lib64/:/usr/local/lib/:/lib64
 #59: OMP_NUM_THREADS=1
 #60: TMPDIR=/tmp
 #61: SLURM_NODEID=0
 #62: SSH_CONNECTION=172.17.71.159 55994 172.16.20.220 22
 #63: SLURM_JOB_UID=7778
 #64: ENVIRONMENT=BATCH
 #65: SLURM_GTIDS=0
 #66: SLURM_PRIO_PROCESS=0
 #67: SLURM_NTASKS=128
 #68: CLICOLOR=1
 #69: SLURM_NNODES=1
 #70: SLURM_JOB_ID=4407
 #71: QTDIR=/usr/lib64/qt-3.3
 #72: SLURM_JOBID=4407
 #73: QTINC=/usr/lib64/qt-3.3/include
 #74: OMPI_ALLOW_RUN_AS_ROOT=1
 #75: HISTSIZE=1000
 #76: SLURM_JOB_USER=nsccgz_yfdu_16
 #77: SLURMD_NODENAME=apn508
 #78: OMP_THREAD_LIMIT=1
running commands in speccmds.cmd 1 times
runs started at		1610268053, 814901000, Sun Jan 10 16:40:53 2021
run 1 started at	1610268053, 814949000, Sun Jan 10 16:40:53 2021
child started: 0,	1610268053, 814959000, pid=72943, '../run_base_train_gcc-aarch64-mao-gta-64.0002/mcf_r_base.gcc-aarch64-mao-gta-64 inp.in  > inp.out 2>> inp.err'
child finished: 0,	1610268187, 563075000, sec=133, nsec=748116000, pid=72943, rc=0
run 1 finished at:	1610268187, 563136000, Sun Jan 10 16:43:07 2021
run 1 elapsed time:	       133, 748187000, 133.748187000
runs finished at	1610268187, 563171000, Sun Jan 10 16:43:07 2021
runs elapsed time:	       133, 748270000, 133.748270000
specinvoke exit: rc=0
