
COMP: "/usr/local/bin/gcc     -std=c99   -mabi=lp64 -c -o options.o -DSPEC -DNDEBUG  -Ispec_qsort -DSPEC_AUTO_SUPPRESS_OPENMP -O3 -march=armv8.2-a+lse -fno-PIE -no-pie -fomit-frame-pointer -funroll-loops            -fno-strict-aliasing -fgnu89-inline   -DSPEC_LP64  <source>"
C: CC="/usr/local/bin/gcc     -std=c99   -mabi=lp64"
C: COBJOPT="-c -o options"
P: CPUFLAGS="-DSPEC -DNDEBUG"
P: BENCH_FLAGS=""
P: BENCH_CFLAGS="-Ispec_qsort -DSPEC_AUTO_SUPPRESS_OPENMP"
O: OPTIMIZE="-O3 -march=armv8.2-a+lse -fno-PIE -no-pie -fomit-frame-pointer -funroll-loops"
O: COPTIMIZE=""
P: PORTABILITY=""
P: CPORTABILITY=""
O: EXTRA_CFLAGS=""
O: EXTRA_OPTIMIZE=""
O: EXTRA_COPTIMIZE="-fno-strict-aliasing -fgnu89-inline"
P: EXTRA_PORTABILITY="-DSPEC_LP64"
P: EXTRA_CPORTABILITY=""
LINK: "/usr/local/bin/gcc     -std=c99   -mabi=lp64  -z muldefs    -O3 -march=armv8.2-a+lse -fno-PIE -no-pie -fomit-frame-pointer -funroll-loops         -fno-strict-aliasing -fgnu89-inline <objects>   -lm     -L/GPUFS/nsccgz_yfdu_16/gta/jemalloc-5.2.1/lib -ljemalloc    -o options  "
C: LD="/usr/local/bin/gcc     -std=c99   -mabi=lp64"
O: LDCFLAGS="-z muldefs"
O: OPTIMIZE="-O3 -march=armv8.2-a+lse -fno-PIE -no-pie -fomit-frame-pointer -funroll-loops"
O: EXTRA_COPTIMIZE="-fno-strict-aliasing -fgnu89-inline"
C: MATH_LIBS="-lm"
O: EXTRA_LIBS="-L/GPUFS/nsccgz_yfdu_16/gta/jemalloc-5.2.1/lib -ljemalloc"
C: LDOUT="-o options"
