
COMP: "/usr/local/bin/gcc     -std=c99   -mabi=lp64 -B/GPUFS/nsccgz_yfdu_16/gta/mao/scripts -c -o options.o -DSPEC -DNDEBUG  -Ispec_qsort -DSPEC_AUTO_SUPPRESS_OPENMP -O3            -fno-strict-aliasing -fgnu89-inline   -DSPEC_LP64  <source>"
C: CC="/usr/local/bin/gcc     -std=c99   -mabi=lp64 -B/GPUFS/nsccgz_yfdu_16/gta/mao/scripts"
C: COBJOPT="-c -o options"
P: CPUFLAGS="-DSPEC -DNDEBUG"
P: BENCH_FLAGS=""
P: BENCH_CFLAGS="-Ispec_qsort -DSPEC_AUTO_SUPPRESS_OPENMP"
O: OPTIMIZE="-O3"
O: COPTIMIZE=""
P: PORTABILITY=""
P: CPORTABILITY=""
O: EXTRA_CFLAGS=""
O: EXTRA_OPTIMIZE=""
O: EXTRA_COPTIMIZE="-fno-strict-aliasing -fgnu89-inline"
P: EXTRA_PORTABILITY="-DSPEC_LP64"
P: EXTRA_CPORTABILITY=""
LINK: "/usr/local/bin/gcc     -std=c99   -mabi=lp64 -B/GPUFS/nsccgz_yfdu_16/gta/mao/scripts      -O3         -fno-strict-aliasing -fgnu89-inline <objects>   -lm         -o options  "
C: LD="/usr/local/bin/gcc     -std=c99   -mabi=lp64 -B/GPUFS/nsccgz_yfdu_16/gta/mao/scripts"
O: OPTIMIZE="-O3"
O: EXTRA_COPTIMIZE="-fno-strict-aliasing -fgnu89-inline"
C: MATH_LIBS="-lm"
C: LDOUT="-o options"
